<?xml version="1.0" encoding="UTF-8"?>
<!-- Generated by org.testng.reporters.JUnitReportReporter -->
<testsuite skipped="0" hostname="WBLT26W8H72" name="rest.RestingGet" tests="1" failures="0" timestamp="19 Dec 2018 20:50:09 GMT" time="3.027" errors="0">
  <testcase name="getwheather" time="3.027" classname="rest.RestingGet"/>
</testsuite> <!-- rest.RestingGet -->
