<?xml version="1.0" encoding="UTF-8"?>
<!-- Generated by org.testng.reporters.JUnitReportReporter -->
<testsuite skipped="0" hostname="WBLT26W8H72" name="rest.JsonPath" tests="1" failures="0" timestamp="20 Dec 2018 17:13:53 GMT" time="3.917" errors="0">
  <testcase name="GetWeatherDetails" time="3.917" classname="rest.JsonPath"/>
</testsuite> <!-- rest.JsonPath -->
