<?xml version="1.0" encoding="UTF-8"?>
<!-- Generated by org.testng.reporters.JUnitReportReporter -->
<testsuite skipped="0" hostname="WBLT26W8H72" name="rest.Logins" tests="1" failures="0" timestamp="14 May 2019 15:28:47 GMT" time="3.136" errors="0">
  <testcase name="login" time="3.136" classname="rest.Logins"/>
</testsuite> <!-- rest.Logins -->
