<?xml version="1.0" encoding="UTF-8"?>
<!-- Generated by org.testng.reporters.JUnitReportReporter -->
<testsuite skipped="0" hostname="WBLT26W8H72" name="whataburgerAPI.LoginAPI" tests="1" failures="0" timestamp="25 Jul 2019 19:32:56 GMT" time="7.076" errors="0">
  <testcase name="login" time="7.076" classname="whataburgerAPI.LoginAPI"/>
</testsuite> <!-- whataburgerAPI.LoginAPI -->
