<?xml version="1.0" encoding="UTF-8"?>
<!-- Generated by org.testng.reporters.JUnitReportReporter -->
<testsuite skipped="0" hostname="WBLT26W8H72" name="rest.Login" tests="1" failures="0" timestamp="14 May 2019 15:26:44 GMT" time="0.598" errors="0">
  <testcase name="logintest" time="0.598" classname="rest.Login"/>
</testsuite> <!-- rest.Login -->
