<?xml version="1.0" encoding="UTF-8"?>
<!-- Generated by org.testng.reporters.JUnitReportReporter -->
<testsuite skipped="0" hostname="WBLT26W8H72" name="rest.ham" tests="1" failures="0" timestamp="25 Jul 2019 15:05:29 GMT" time="4.890" errors="0">
  <testcase name="test_ResponseHeaderData_ShouldBeCorrect" time="4.890" classname="rest.ham"/>
</testsuite> <!-- rest.ham -->
